0 info it worked if it ends with ok
1 verbose cli [ 'c:\\Program Files (x86)\\nodejs\\node.exe',
1 verbose cli   'C:\\Users\\mike\\AppData\\Roaming\\npm\\node_modules\\npm\\bin\\npm-cli.js',
1 verbose cli   'start' ]
2 info using npm@1.4.20
3 info using node@v5.10.0
4 error Error: ENOENT: no such file or directory, open 'D:\dev\github-projects\bestofjs\webpack\bestofjs-webui\www\package.json'
4 error     at Error (native)
5 error If you need help, you may report this *entire* log,
5 error including the npm and node versions, at:
5 error     <http://github.com/npm/npm/issues>
6 error System Windows_NT 6.1.7601
7 error command "c:\\Program Files (x86)\\nodejs\\node.exe" "C:\\Users\\mike\\AppData\\Roaming\\npm\\node_modules\\npm\\bin\\npm-cli.js" "start"
8 error cwd D:\dev\github-projects\bestofjs\webpack\bestofjs-webui\www
9 error node -v v5.10.0
10 error npm -v 1.4.20
11 error path D:\dev\github-projects\bestofjs\webpack\bestofjs-webui\www\package.json
12 error syscall open
13 error code ENOENT
14 error errno -4058
15 verbose exit [ -4058, true ]
